<?xml version="1.0" encoding="UTF-8"?>
<coverage generated="1787673603">
  <project timestamp="1787673603">
    <file name="/home/runner/work/regex-rule-guardian/regex-rule-guardian/src/RegexRuleGuardian.php">
      <class name="Aegisora\RuleGuardians\RegexRule\RegexRuleGuardian" namespace="global">
        <metrics complexity="1" methods="1" coveredmethods="0" conditionals="0" coveredconditionals="0" statements="1" coveredstatements="0" elements="2" coveredelements="0"/>
      </class>
      <line num="11" type="method" name="__construct" visibility="public" complexity="1" crap="2" count="0"/>
      <line num="14" type="stmt" count="0"/>
      <metrics loc="17" ncloc="17" classes="1" methods="1" coveredmethods="0" conditionals="0" coveredconditionals="0" statements="1" coveredstatements="0" elements="2" coveredelements="0"/>
    </file>
    <metrics files="1" loc="17" ncloc="17" classes="1" methods="1" coveredmethods="0" conditionals="0" coveredconditionals="0" statements="1" coveredstatements="0" elements="2" coveredelements="0"/>
  </project>
</coverage>
